<?xml version="1.0" encoding="UTF-8"?>
<testsuite name="games.game2048.TestAddingValue" tests="1" skipped="0" failures="0" errors="0" timestamp="2019-10-03T13:56:23" hostname="rhclient940.sb1a.sparebank1.no" time="0.031">
  <properties/>
  <testcase name="test1" classname="games.game2048.TestAddingValue" time="0.031"/>
  <system-out><![CDATA[]]></system-out>
  <system-err><![CDATA[]]></system-err>
</testsuite>
